<?xml version="1.0" encoding="UTF-8"?>
<testsuite name="lab01.ArrayUtilsTest" tests="8" skipped="0" failures="0" errors="0" timestamp="2022-05-25T19:57:50" hostname="e-rooibos.csc.uvic.ca" time="0.016">
  <properties/>
  <testcase name="duplicateA()" classname="lab01.ArrayUtilsTest" time="0.01"/>
  <testcase name="emptyA()" classname="lab01.ArrayUtilsTest" time="0.0"/>
  <testcase name="sorted()" classname="lab01.ArrayUtilsTest" time="0.0"/>
  <testcase name="unsortedA()" classname="lab01.ArrayUtilsTest" time="0.001"/>
  <testcase name="sortedAAA()" classname="lab01.ArrayUtilsTest" time="0.0"/>
  <testcase name="sayHi()" classname="lab01.ArrayUtilsTest" time="0.001"/>
  <testcase name="partiallySorted()" classname="lab01.ArrayUtilsTest" time="0.001"/>
  <testcase name="singleA()" classname="lab01.ArrayUtilsTest" time="0.0"/>
  <system-out><![CDATA[Hello from the test.
]]></system-out>
  <system-err><![CDATA[]]></system-err>
</testsuite>
