<?xml version="1.0" encoding="UTF-8"?>
<testsuite name="lab06.TodoApplicationTest" tests="4" skipped="0" failures="0" errors="0" timestamp="2022-06-30T01:05:22" hostname="RAI" time="0.027">
  <properties/>
  <testcase name="completeAllWithThreeTodos()" classname="lab06.TodoApplicationTest" time="0.02"/>
  <testcase name="addTodo()" classname="lab06.TodoApplicationTest" time="0.003"/>
  <testcase name="completeAllWithNoTodos()" classname="lab06.TodoApplicationTest" time="0.002"/>
  <testcase name="retrieveTodos()" classname="lab06.TodoApplicationTest" time="0.001"/>
  <system-out><![CDATA[]]></system-out>
  <system-err><![CDATA[]]></system-err>
</testsuite>
