<?xml version="1.0" encoding="UTF-8"?>
<testsuite name="Lab08.NurseTest" tests="2" skipped="0" failures="0" errors="0" timestamp="2022-07-12T21:46:48" hostname="RAI" time="0.015">
  <properties/>
  <testcase name="getNameTest()" classname="Lab08.NurseTest" time="0.014"/>
  <testcase name="getShiftTest()" classname="Lab08.NurseTest" time="0.0"/>
  <system-out><![CDATA[]]></system-out>
  <system-err><![CDATA[]]></system-err>
</testsuite>
