<?xml version="1.0" encoding="UTF-8"?>
<testsuite name="Lab08.PatientTest" tests="3" skipped="0" failures="0" errors="0" timestamp="2022-07-12T21:46:48" hostname="RAI" time="0.002">
  <properties/>
  <testcase name="getNumberTest()" classname="Lab08.PatientTest" time="0.001"/>
  <testcase name="getCareNeeds()" classname="Lab08.PatientTest" time="0.001"/>
  <testcase name="getMedicationNeedsTest()" classname="Lab08.PatientTest" time="0.0"/>
  <system-out><![CDATA[]]></system-out>
  <system-err><![CDATA[]]></system-err>
</testsuite>
