<?xml version="1.0" encoding="UTF-8"?>
<testsuite name="Lab08.TaskTest" tests="4" skipped="0" failures="0" errors="0" timestamp="2022-07-12T21:46:48" hostname="RAI" time="0.002">
  <properties/>
  <testcase name="getCareProvidedTest()" classname="Lab08.TaskTest" time="0.0"/>
  <testcase name="getTimeOfCareTest()" classname="Lab08.TaskTest" time="0.0"/>
  <testcase name="getPatientNumberTest()" classname="Lab08.TaskTest" time="0.0"/>
  <testcase name="getAssignedNurseNameTest()" classname="Lab08.TaskTest" time="0.0"/>
  <system-out><![CDATA[]]></system-out>
  <system-err><![CDATA[]]></system-err>
</testsuite>
