<?xml version="1.0" encoding="UTF-8"?>
<testsuite name="lab07.TwoIntegersTest" tests="4" skipped="0" failures="0" errors="0" timestamp="2022-07-07T02:01:27" hostname="RAI" time="0.168">
  <properties/>
  <testcase name="invalidBoth" classname="lab07.TwoIntegersTest" time="0.04"/>
  <testcase name="pass" classname="lab07.TwoIntegersTest" time="0.037"/>
  <testcase name="invalidM" classname="lab07.TwoIntegersTest" time="0.042"/>
  <testcase name="invalidN" classname="lab07.TwoIntegersTest" time="0.048"/>
  <system-out><![CDATA[timestamp = 2022-07-06T19:01:27.131699200, TwoIntegersTest:invalidBoth = 
                              |--------------------jqwik--------------------
tries = 1000                  | # of calls to property
checks = 1000                 | # of not rejected calls
generation = RANDOMIZED       | parameters are randomly generated
after-failure = PREVIOUS_SEED | use the previous seed
when-fixed-seed = ALLOW       | fixing the random seed is allowed
edge-cases#mode = MIXIN       | edge cases are mixed in
edge-cases#total = 81         | # of all combined edge cases
edge-cases#tried = 77         | # of edge cases tried in current run
seed = 3457266301566406885    | random seed to reproduce generated values


timestamp = 2022-07-06T19:01:27.168601, TwoIntegersTest:pass = 
                              |--------------------jqwik--------------------
tries = 1000                  | # of calls to property
checks = 1000                 | # of not rejected calls
generation = RANDOMIZED       | parameters are randomly generated
after-failure = PREVIOUS_SEED | use the previous seed
when-fixed-seed = ALLOW       | fixing the random seed is allowed
edge-cases#mode = MIXIN       | edge cases are mixed in
edge-cases#total = 16         | # of all combined edge cases
edge-cases#tried = 16         | # of edge cases tried in current run
seed = -3979231081199285801   | random seed to reproduce generated values


timestamp = 2022-07-06T19:01:27.210488700, TwoIntegersTest:invalidM = 
                              |--------------------jqwik--------------------
tries = 1000                  | # of calls to property
checks = 1000                 | # of not rejected calls
generation = RANDOMIZED       | parameters are randomly generated
after-failure = PREVIOUS_SEED | use the previous seed
when-fixed-seed = ALLOW       | fixing the random seed is allowed
edge-cases#mode = MIXIN       | edge cases are mixed in
edge-cases#total = 36         | # of all combined edge cases
edge-cases#tried = 36         | # of edge cases tried in current run
seed = -2385024181593104859   | random seed to reproduce generated values


timestamp = 2022-07-06T19:01:27.259358, TwoIntegersTest:invalidN = 
                              |--------------------jqwik--------------------
tries = 1000                  | # of calls to property
checks = 1000                 | # of not rejected calls
generation = RANDOMIZED       | parameters are randomly generated
after-failure = PREVIOUS_SEED | use the previous seed
when-fixed-seed = ALLOW       | fixing the random seed is allowed
edge-cases#mode = MIXIN       | edge cases are mixed in
edge-cases#total = 36         | # of all combined edge cases
edge-cases#tried = 36         | # of edge cases tried in current run
seed = 7294611600048120888    | random seed to reproduce generated values


]]></system-out>
  <system-err><![CDATA[]]></system-err>
</testsuite>
