<?xml version="1.0" encoding="UTF-8"?>
<testsuite name="lab07.AlphabeticalStringTest" tests="2" skipped="0" failures="0" errors="0" timestamp="2022-07-07T02:01:27" hostname="RAI" time="0.013">
  <properties/>
  <testcase name="constructorTest()" classname="lab07.AlphabeticalStringTest" time="0.012"/>
  <testcase name="toUpperTest()" classname="lab07.AlphabeticalStringTest" time="0.0"/>
  <system-out><![CDATA[]]></system-out>
  <system-err><![CDATA[]]></system-err>
</testsuite>
