<?xml version="1.0" encoding="UTF-8"?>
<testsuite name="lab07.ColoursTest" tests="4" skipped="0" failures="0" errors="0" timestamp="2022-07-07T02:01:25" hostname="RAI" time="0.626">
  <properties/>
  <testcase name="redInvalidValues" classname="lab07.ColoursTest" time="0.336"/>
  <testcase name="blueInvalidValues" classname="lab07.ColoursTest" time="0.098"/>
  <testcase name="greenInvalidValues" classname="lab07.ColoursTest" time="0.083"/>
  <testcase name="allValidValues" classname="lab07.ColoursTest" time="0.107"/>
  <system-out><![CDATA[timestamp = 2022-07-06T19:01:25.566336100, ColoursTest:redInvalidValues = 
                              |--------------------jqwik--------------------
tries = 1000                  | # of calls to property
checks = 1000                 | # of not rejected calls
generation = RANDOMIZED       | parameters are randomly generated
after-failure = PREVIOUS_SEED | use the previous seed
when-fixed-seed = ALLOW       | fixing the random seed is allowed
edge-cases#mode = MIXIN       | edge cases are mixed in
edge-cases#total = 200        | # of all combined edge cases
edge-cases#tried = 189        | # of edge cases tried in current run
seed = 3182611560362989500    | random seed to reproduce generated values


timestamp = 2022-07-06T19:01:25.670059800, ColoursTest:blueInvalidValues = 
                              |--------------------jqwik--------------------
tries = 1000                  | # of calls to property
checks = 1000                 | # of not rejected calls
generation = RANDOMIZED       | parameters are randomly generated
after-failure = PREVIOUS_SEED | use the previous seed
when-fixed-seed = ALLOW       | fixing the random seed is allowed
edge-cases#mode = MIXIN       | edge cases are mixed in
edge-cases#total = 200        | # of all combined edge cases
edge-cases#tried = 162        | # of edge cases tried in current run
seed = 9021855543730920303    | random seed to reproduce generated values


timestamp = 2022-07-06T19:01:25.753834800, ColoursTest:greenInvalidValues = 
                              |--------------------jqwik--------------------
tries = 1000                  | # of calls to property
checks = 1000                 | # of not rejected calls
generation = RANDOMIZED       | parameters are randomly generated
after-failure = PREVIOUS_SEED | use the previous seed
when-fixed-seed = ALLOW       | fixing the random seed is allowed
edge-cases#mode = MIXIN       | edge cases are mixed in
edge-cases#total = 200        | # of all combined edge cases
edge-cases#tried = 183        | # of edge cases tried in current run
seed = -7363495334685993903   | random seed to reproduce generated values


timestamp = 2022-07-06T19:01:25.861546500, ColoursTest:allValidValues = 
                              |--------------------jqwik--------------------
tries = 1000                  | # of calls to property
checks = 1000                 | # of not rejected calls
generation = RANDOMIZED       | parameters are randomly generated
after-failure = PREVIOUS_SEED | use the previous seed
when-fixed-seed = ALLOW       | fixing the random seed is allowed
edge-cases#mode = MIXIN       | edge cases are mixed in
edge-cases#total = 125        | # of all combined edge cases
edge-cases#tried = 113        | # of edge cases tried in current run
seed = -8122380409497871707   | random seed to reproduce generated values


]]></system-out>
  <system-err><![CDATA[]]></system-err>
</testsuite>
